<?xml version="1.0" encoding="UTF-8"?>
<testng-results skipped="0" failed="0" ignored="0" total="1" passed="1">
  <reporter-output>
  </reporter-output>
  <suite name="Suite" duration-ms="17217" started-at="2023-02-01T14:24:43 IST" finished-at="2023-02-01T14:25:00 IST">
    <groups>
    </groups>
    <test name="Test" duration-ms="17217" started-at="2023-02-01T14:24:43 IST" finished-at="2023-02-01T14:25:00 IST">
      <class name="nopAssaignment.LoginTest">
        <test-method status="PASS" signature="VerifyLogin()[pri:0, instance:nopAssaignment.LoginTest@1060b431]" name="VerifyLogin" is-config="true" duration-ms="3916" started-at="2023-02-01T14:24:43 IST" finished-at="2023-02-01T14:24:47 IST">
          <reporter-output>
          </reporter-output>
        </test-method> <!-- VerifyLogin -->
        <test-method status="PASS" signature="AddCustomer()[pri:0, instance:nopAssaignment.LoginTest@1060b431]" name="AddCustomer" duration-ms="13166" started-at="2023-02-01T14:24:47 IST" finished-at="2023-02-01T14:25:00 IST">
          <reporter-output>
          </reporter-output>
        </test-method> <!-- AddCustomer -->
        <test-method status="PASS" signature="CloseAPP()[pri:0, instance:nopAssaignment.LoginTest@1060b431]" name="CloseAPP" is-config="true" duration-ms="104" started-at="2023-02-01T14:25:00 IST" finished-at="2023-02-01T14:25:00 IST">
          <reporter-output>
          </reporter-output>
        </test-method> <!-- CloseAPP -->
      </class> <!-- nopAssaignment.LoginTest -->
    </test> <!-- Test -->
  </suite> <!-- Suite -->
</testng-results>
