<?xml version="1.0" encoding="UTF-8"?>
<testng-results skipped="0" failed="0" ignored="0" total="1" passed="1">
  <reporter-output>
  </reporter-output>
  <suite name="Default suite" duration-ms="18745" started-at="2023-02-01T14:09:31 IST" finished-at="2023-02-01T14:09:50 IST">
    <groups>
    </groups>
    <test name="Default test" duration-ms="18745" started-at="2023-02-01T14:09:31 IST" finished-at="2023-02-01T14:09:50 IST">
      <class name="nopAssaignment.LoginTest">
        <test-method status="PASS" signature="VerifyLogin()[pri:0, instance:nopAssaignment.LoginTest@587c290d]" name="VerifyLogin" is-config="true" duration-ms="4901" started-at="2023-02-01T14:09:31 IST" finished-at="2023-02-01T14:09:36 IST">
          <reporter-output>
          </reporter-output>
        </test-method> <!-- VerifyLogin -->
        <test-method status="PASS" signature="AddCustomer()[pri:0, instance:nopAssaignment.LoginTest@587c290d]" name="AddCustomer" duration-ms="13696" started-at="2023-02-01T14:09:36 IST" finished-at="2023-02-01T14:09:50 IST">
          <reporter-output>
          </reporter-output>
        </test-method> <!-- AddCustomer -->
        <test-method status="PASS" signature="CloseAPP()[pri:0, instance:nopAssaignment.LoginTest@587c290d]" name="CloseAPP" is-config="true" duration-ms="120" started-at="2023-02-01T14:09:50 IST" finished-at="2023-02-01T14:09:50 IST">
          <reporter-output>
          </reporter-output>
        </test-method> <!-- CloseAPP -->
      </class> <!-- nopAssaignment.LoginTest -->
    </test> <!-- Default test -->
  </suite> <!-- Default suite -->
</testng-results>
